<?xml version="1.0" encoding="UTF-8"?>
<testng-results ignored="0" total="1" passed="1" failed="0" skipped="0">
  <reporter-output>
  </reporter-output>
  <suite started-at="2024-08-11T01:55:44 IST" name="test.MakeMyTripTest" finished-at="2024-08-11T01:56:03 IST" duration-ms="19359">
    <groups>
    </groups>
    <test started-at="2024-08-11T01:55:44 IST" name="Command line test" finished-at="2024-08-11T01:56:03 IST" duration-ms="19359">
      <class name="test.MakeMyTripTest">
        <test-method is-config="true" signature="setUp()[pri:0, instance:test.MakeMyTripTest@64d2d351]" started-at="2024-08-11T01:55:44 IST" name="setUp" finished-at="2024-08-11T01:55:54 IST" duration-ms="10550" status="PASS">
          <reporter-output>
          </reporter-output>
        </test-method> <!-- setUp -->
        <test-method signature="searchFlights()[pri:0, instance:test.MakeMyTripTest@64d2d351]" started-at="2024-08-11T01:55:54 IST" name="searchFlights" finished-at="2024-08-11T01:56:03 IST" duration-ms="8152" status="PASS">
          <reporter-output>
          </reporter-output>
        </test-method> <!-- searchFlights -->
        <test-method is-config="true" signature="tearDown()[pri:0, instance:test.MakeMyTripTest@64d2d351]" started-at="2024-08-11T01:56:03 IST" name="tearDown" finished-at="2024-08-11T01:56:03 IST" duration-ms="589" status="PASS">
          <reporter-output>
          </reporter-output>
        </test-method> <!-- tearDown -->
      </class> <!-- test.MakeMyTripTest -->
    </test> <!-- Command line test -->
  </suite> <!-- test.MakeMyTripTest -->
</testng-results>
