<?xml version="1.0" encoding="UTF-8"?>
<testng-results ignored="0" total="1" passed="1" failed="0" skipped="0">
  <reporter-output>
  </reporter-output>
  <suite started-at="2024-08-04T16:37:52 IST" name="Default suite" finished-at="2024-08-04T16:38:11 IST" duration-ms="19100">
    <groups>
    </groups>
    <test started-at="2024-08-04T16:37:52 IST" name="Default test" finished-at="2024-08-04T16:38:11 IST" duration-ms="19100">
      <class name="test.java.MakeMyTripTest">
        <test-method is-config="true" signature="setUp()[pri:0, instance:test.java.MakeMyTripTest@1ab3a8c8]" started-at="2024-08-04T16:37:52 IST" name="setUp" finished-at="2024-08-04T16:38:03 IST" duration-ms="11304" status="PASS">
          <reporter-output>
          </reporter-output>
        </test-method> <!-- setUp -->
        <test-method signature="searchFlights()[pri:0, instance:test.java.MakeMyTripTest@1ab3a8c8]" started-at="2024-08-04T16:38:03 IST" name="searchFlights" finished-at="2024-08-04T16:38:10 IST" duration-ms="7270" status="PASS">
          <reporter-output>
          </reporter-output>
        </test-method> <!-- searchFlights -->
        <test-method is-config="true" signature="tearDown()[pri:0, instance:test.java.MakeMyTripTest@1ab3a8c8]" started-at="2024-08-04T16:38:10 IST" name="tearDown" finished-at="2024-08-04T16:38:11 IST" duration-ms="463" status="PASS">
          <reporter-output>
          </reporter-output>
        </test-method> <!-- tearDown -->
      </class> <!-- test.java.MakeMyTripTest -->
    </test> <!-- Default test -->
  </suite> <!-- Default suite -->
</testng-results>
